####################################################################
#HELLO,BODY,WELCOME USE MY LOG_DEBUG_TOOL!                         #
#@AUTHOR:LiuPo                                                     #
#@VERESION:1.0                                                     #
#@EMAIL:liupopublic@163.com                                        #
#@WEIBO:primo_001                                                  #
####################################################################




Partion-1ST:
--------------------------------------------------------------------

FILE{

===> FILE:
a.c
===> DIRECTION:
/home/primo/workspace/graduationDesign
===> LOCATION:
/home/primo/workspace/graduationDesign/a.c
===> LINES:
23
===> LANGUAGE:
c.
===> DEBUG_FORMAT:
DWARF 2

}

--------------------------------------------------------------------




Partion-2ND:
--------------------------------------------------------------------

RUN:{

===> POSITION:
19	    int a = 3;
===> INFO
a = 0
b = 0
===> POSITION:
info local
next
20	    int b = 4;
===> INFO:
a = 3
b = 0
===> POSITION:
21	    printf("%d + %d = %d\n", a, b, sum(a, b));
===> INFO:
a = 3
b = 4
===> POSITION:
13	    int c[] = {1, 2,3, 4, 546};
===> INFO:
c = {1, 0, 4195837, 0, 0}
===> POSITION:
14	    return a+b;
===> INFO:
c = {1, 2, 3, 4, 546}
===> POSITION:
15	}
===> INFO:
c = {1, 2, 3, 4, 546}
===> POSITION:
main () at a.c:22
22	    return 0;
===> INFO:
a = 3
b = 4
===> POSITION:
23	}
===> INFO:
a = 3
b = 4
===> POSITION:
[:--end of file--:]

}

--------------------------------------------------------------------
