####################################################################
#HELLO,BODY,WELCOME USE MY LOG_DEBUG_TOOL!                         #
#@AUTHOR:LiuPo                                                     #
#@VERESION:1.0                                                     #
#@EMAIL:liupopublic@163.com                                        #
#@WEIBO:primo_001                                                  #
####################################################################




Partion-1ST:
--------------------------------------------------------------------

FILE{

===> FILE:
b.c
===> DIRECTION:
/home/primo/workspace/graduationDesign
===> LOCATION:
/home/primo/workspace/graduationDesign/b.c
===> LINES:
19
===> LANGUAGE:
c.
===> DEBUG_FORMAT:
DWARF 2

}

--------------------------------------------------------------------




Partion-2ND:
--------------------------------------------------------------------

RUN:{

===> POSITION:
13	    scanf("%d%d", &a, &b);
===> INFO
GLOBAL:

LOCAL:
a = 0
b = 0
===> POSITION:
14	    printf("[%d, %d]\n", a, b);
===> INFO:
GLOBAL:

LOCAL:
a = 1
b = 2
===> POSITION:
15	    printf("[sum=%d]\n", a+b);
===> INFO:
GLOBAL:

LOCAL:
a = 1
b = 2
===> POSITION:
16	    printf("[ans=%d]\n", a*b);
===> INFO:
GLOBAL:

LOCAL:
a = 1
b = 2
===> POSITION:
17	    return 0;
===> INFO:
GLOBAL:

LOCAL:
a = 1
b = 2
===> POSITION:
18	}
===> INFO:
GLOBAL:

LOCAL:
a = 1
b = 2
===> POSITION:
[:--end of file--:]

}

--------------------------------------------------------------------
